C51 COMPILER V9.57.0.0   0519HW                                                            05/19/2020 14:19:20 PAGE 1   


C51 COMPILER V9.57.0.0, COMPILATION OF MODULE 0519HW
OBJECT MODULE PLACED IN .\Objects\0519hw.obj
COMPILER INVOKED BY: C:\Keil_v5\C51\BIN\C51.EXE 0519hw.c OPTIMIZE(8,SPEED) BROWSE DEBUG OBJECTEXTEND PRINT(.\Listings\05
                    -19hw.lst) TABS(2) OBJECT(.\Objects\0519hw.obj)

line level    source

   1          #include "AT89X52.H"   //暫存器及組態定義
   2          sfr  Data=0x80; //P0資料BUS輸出
   3          sfr  Scan=0x90; //P1點矩陣LED掃描輸出
   4          #include "A001.h"  //字型A資料檔
   5          main() 
   6          { 
   7   1        unsigned char scan=0x80;//定義掃瞄變數
   8   1        unsigned char i;       //定義陣列資料計數
   9   1        unsigned char repeat;  //定義重覆掃描次數 
  10   1        unsigned char shift;   //定義移位計數  
  11   1       while(1)
  12   1       {
  13   2         for(shift=7;shift>0;shift--) //移位計數=7~0
  14   2          {
  15   3          for(repeat=0;repeat<10;repeat++)//重覆掃瞄次數
  16   3           {
  17   4            for(i=0;i<8;i++)   //讀取8筆資料掃瞄8次
  18   4             {
  19   5                Scan=~(scan<<shift); //掃瞄右移後輸出 放這才是對的
  20   5               Data=A001[i];   //讀取陣列資料輸出
  21   5               Delay_ms(1);    //延時
  22   5           Data=0xff;      //全暗
  23   5               scan=RR8(scan); //換掃瞄下一行
  24   5          
  25   5             }
  26   4           } 
  27   3         }
  28   2           for(shift=0;shift<7;shift++)  //移位計數=0~7
  29   2          {
  30   3           for(repeat=0;repeat<10;repeat++)//重覆掃瞄次數
  31   3           {                       
  32   4            for(i=0;i<8;i++)   //讀取8筆資料掃瞄8次
  33   4             {
  34   5               Data=A001[i];   //讀取陣列資料輸出
  35   5               Delay_ms(1);    //延時
  36   5           Data=0xff;      //全暗
  37   5               scan=RR8(scan); //換掃瞄下一行
  38   5           Scan=~(scan>>shift);//掃瞄左移後輸出
  39   5             }
  40   4           }    
  41   3          }   
  42   2          
  43   2           for(shift=0;shift<7;shift++)  //移位計數=0~7
  44   2          {
  45   3           for(repeat=0;repeat<10;repeat++)//重覆掃瞄次數
  46   3           {                       
  47   4            for(i=0;i<8;i++)   //讀取8筆資料掃瞄8次
  48   4             {
  49   5               Data=A001[i];   //讀取陣列資料輸出
  50   5               Delay_ms(1);    //延時
  51   5           Data=0xff;      //全暗
  52   5               scan=RR8(scan); //換掃瞄下一行
  53   5           Scan=~(scan<<shift);//掃瞄左移後輸出
  54   5             }
C51 COMPILER V9.57.0.0   0519HW                                                            05/19/2020 14:19:20 PAGE 2   

  55   4           }    
  56   3          }
  57   2          
  58   2          for(shift=0;shift<7;shift++)   //移位計數=0~7
  59   2          {
  60   3           for(repeat=0;repeat<10;repeat++)//重覆掃瞄次數
  61   3           {                       
  62   4            for(i=0;i<8;i++)   //讀取8筆資料掃瞄8次
  63   4             {
  64   5               Data=A001[i];   //讀取陣列資料輸出
  65   5               Delay_ms(1);    //延時
  66   5           Data=0xff;      //全暗
  67   5               scan=RR8(scan); //換掃瞄下一行
  68   5           Scan=~(scan<<shift);//掃瞄左移後輸出
  69   5             }
  70   4           }    
  71   3          }
  72   2      }
  73   1        }


MODULE INFORMATION:   STATIC OVERLAYABLE
   CODE SIZE        =    240    ----
   CONSTANT SIZE    =      8    ----
   XDATA SIZE       =   ----    ----
   PDATA SIZE       =   ----    ----
   DATA SIZE        =   ----       1
   IDATA SIZE       =   ----    ----
   BIT SIZE         =   ----    ----
END OF MODULE INFORMATION.


C51 COMPILATION COMPLETE.  0 WARNING(S),  0 ERROR(S)
