C51 COMPILER V9.57.0.0   0609                                                              06/09/2020 14:25:18 PAGE 1   


C51 COMPILER V9.57.0.0, COMPILATION OF MODULE 0609
OBJECT MODULE PLACED IN .\Objects\0609.obj
COMPILER INVOKED BY: C:\Keil_v5\C51\BIN\C51.EXE 0609.c OPTIMIZE(8,SPEED) BROWSE DEBUG OBJECTEXTEND PRINT(.\Listings\0609
                    -.lst) TABS(2) OBJECT(.\Objects\0609.obj)

line level    source

   1          #include "..\AT89X52.H"
   2          sfr led=0x80;
   3          sbit   KEY=P3^2;
   4          sbit   SPEAK=P2^6;
   5          char i=1;
   6          char flag=0xFF;
   7          void beep(unsigned char i);
   8          void main(){
   9   1        
  10   1        EA=1;
  11   1        EX0=1;IT0=1;
  12   1        PX1=1;
  13   1        EX1=1;IT1=1;
  14   1        led=0x01;
  15   1        while(1){
  16   2          Delay_ms(200);
  17   2        }
  18   1        
  19   1      
  20   1        
  21   1        /*while(KEY==0){
  22   1          if(i<5){
  23   1            i++;
  24   1            led=i;
  25   1          }
  26   1          else{
  27   1            led=flag;
  28   1            flag=!flag;
  29   1          }
  30   1          
  31   1          beep(1);
  32   1        }*/
  33   1      
  34   1      } 
  35          void EX0_int(void) interrupt 0{
  36   1          led++;
  37   1          beep(1);
  38   1          while(led>=5){
  39   2            led=0x00;
  40   2            Delay_ms(500);
  41   2            led=0xff;
  42   2            Delay_ms(500);
  43   2          }
  44   1      
  45   1      }
  46          
  47          void EX1_int(void) interrupt 2{
  48   1        
  49   1        led=0x01;
  50   1      }
  51          void beep(unsigned char i)
  52          {
  53   1        unsigned int  j;//SPEAK反相次數
  54   1        while(i--)   //嗶聲次數
C51 COMPILER V9.57.0.0   0609                                                              06/09/2020 14:25:18 PAGE 2   

  55   1         {
  56   2           for(j=0;j<400;j++) //令輸出反相400次
  57   2            {
  58   3              SPEAK=!SPEAK; //SPEAK反相,令喇叭發出聲音
  59   3              Delay_ms(1);  //嗶聲音頻(100HZ)
  60   3            }
  61   2           
  62   2        }
  63   1      }


MODULE INFORMATION:   STATIC OVERLAYABLE
   CODE SIZE        =    179    ----
   CONSTANT SIZE    =   ----    ----
   XDATA SIZE       =   ----    ----
   PDATA SIZE       =   ----    ----
   DATA SIZE        =      2    ----
   IDATA SIZE       =   ----    ----
   BIT SIZE         =   ----    ----
END OF MODULE INFORMATION.


C51 COMPILATION COMPLETE.  0 WARNING(S),  0 ERROR(S)
