C51 COMPILER V9.57.0.0   EIGHTEIGHT                                                        05/12/2020 16:11:46 PAGE 1   


C51 COMPILER V9.57.0.0, COMPILATION OF MODULE EIGHTEIGHT
OBJECT MODULE PLACED IN .\Objects\eighteight.obj
COMPILER INVOKED BY: C:\Keil_v5\C51\BIN\C51.EXE eighteight.c OPTIMIZE(8,SPEED) BROWSE DEBUG OBJECTEXTEND PRINT(.\Listing
                    -s\eighteight.lst) TABS(2) OBJECT(.\Objects\eighteight.obj)

line level    source

   1          #include "AT89X52.H" //暫存器及組態定義
   2          sfr Data=0x80; //P0資料BUS輸出
   3          sbit Data1=0x80;
   4          sbit Data2=0x81;
   5          sbit Data3=0x82;
   6          sbit Data4=0x83;
   7          sbit Data5=0x84;
   8          sbit Data6=0x85;
   9          sbit Data7=0x86;
  10          sbit Data8=0x87;
  11          sfr Scan=0x90; //P1點矩陣LED掃描輸出
  12          #include "fuck.h" //字型資料檔
  13          main()
  14          {
  15   1      char i; //定義陣列資料計數
  16   1      char temp;
  17   1      Scan=0x7F; //由com1開始掃瞄輸出
  18   1      while(1)
  19   1      {
  20   2      for(i=0;i<8;i++) //讀取8筆資料掃瞄8次
  21   2      {
  22   3      Data=fuck[i]; //讀取陣列資料輸出
  23   3      
  24   3      temp=Data8;
  25   3      Data8=Data1;
  26   3      Data1=temp;
  27   3      temp=Data7;
  28   3      Data7=Data2;
  29   3      Data2=temp;
  30   3      temp=Data6;
  31   3      Data6=Data3;
  32   3      Data3=temp;
  33   3      temp=Data5;
  34   3      Data5=Data4;
  35   3      Data4=temp;
  36   3      
  37   3      Delay_ms(1); //延時
  38   3      Data=0xFF; //全暗
  39   3      Scan=RR8(Scan); //換掃瞄下一行
  40   3      }
  41   2      }
  42   1      }


MODULE INFORMATION:   STATIC OVERLAYABLE
   CODE SIZE        =    125    ----
   CONSTANT SIZE    =      8    ----
   XDATA SIZE       =   ----    ----
   PDATA SIZE       =   ----    ----
   DATA SIZE        =   ----    ----
   IDATA SIZE       =   ----    ----
   BIT SIZE         =   ----    ----
END OF MODULE INFORMATION.


C51 COMPILATION COMPLETE.  0 WARNING(S),  0 ERROR(S)
