C51 COMPILER V9.57.0.0   INTERRUPT                                                         06/02/2020 15:37:31 PAGE 1   


C51 COMPILER V9.57.0.0, COMPILATION OF MODULE INTERRUPT
OBJECT MODULE PLACED IN .\Objects\interrupt.obj
COMPILER INVOKED BY: C:\Keil_v5\C51\BIN\C51.EXE interrupt.c OPTIMIZE(8,SPEED) BROWSE DEBUG OBJECTEXTEND PRINT(.\Listings
                    -\interrupt.lst) TABS(2) OBJECT(.\Objects\interrupt.obj)

line level    source

   1          /********** 5_4.c ******************************
   2          * 動作：P0遞加超過6會進入省電模式，停止執行，在
   3          *    INT0(P32)腳輸入負緣觸發時，會喚醒閃爍5次後，才回主程式
   4          ************************************************/
   5          #include "..\AT89X52.H"   //暫存器及組態定義
   6          main()    //主程式
   7          {
   8   1        char i=0; //定義變數=0
   9   1        EA=1;      //致能整體中斷
  10   1        EX0=1;     //致能外部INT0斷
  11   1        IT0=1;     //設定INT0腳為負緣觸發輸入   
  12   1        while(1)   //不斷循環
  13   1         {
  14   2            for(i=0;i<6;i++)  //計數0~5
  15   2             {
  16   3                P0=i;   //變數由P0輸出
  17   3              Delay_ms(1000);
  18   3             }
  19   2            //PCON=IDL;  //進入IDEL省電模式，等待外部中斷
  20   2           PCON=PD;  //進入Power Down省電模式，等待重置
  21   2         }
  22   1      }
  23          //*******INT1中斷函數0，使用暫存器庫1*******
  24          void EX1_int(void) interrupt 0 using 1  
  25          {
  26   1        char i=0;        //定義閃爍計數變數
  27   1        unsigned int dly;
  28   1        for(i=0;i<5;i++) //閃爍計數0~4
  29   1         {
  30   2           P0=0x00; for(dly=0;dly<20000;dly++); 
  31   2           P0=0xff; for(dly=0;dly<20000;dly++); 
  32   2         }
  33   1      }


MODULE INFORMATION:   STATIC OVERLAYABLE
   CODE SIZE        =    101    ----
   CONSTANT SIZE    =   ----    ----
   XDATA SIZE       =   ----    ----
   PDATA SIZE       =   ----    ----
   DATA SIZE        =   ----    ----
   IDATA SIZE       =   ----    ----
   BIT SIZE         =   ----    ----
END OF MODULE INFORMATION.


C51 COMPILATION COMPLETE.  0 WARNING(S),  0 ERROR(S)
