C51 COMPILER V9.57.0.0   LEFTLEFT                                                          05/12/2020 16:19:18 PAGE 1   


C51 COMPILER V9.57.0.0, COMPILATION OF MODULE LEFTLEFT
OBJECT MODULE PLACED IN .\Objects\leftleft.obj
COMPILER INVOKED BY: C:\Keil_v5\C51\BIN\C51.EXE leftleft.c OPTIMIZE(8,SPEED) BROWSE DEBUG OBJECTEXTEND PRINT(.\Listings\
                    -leftleft.lst) TABS(2) OBJECT(.\Objects\leftleft.obj)

line level    source

   1          
   2          #include "..\AT89X52.H"   //暫存器及組態定義
   3          sfr  Data=0x80; //P0資料BUS輸出
   4          sfr  Scan=0x90; //P1點矩陣LED掃描輸出
   5          sbit Data1=0x80;
   6          sbit Data2=0x81;
   7          sbit Data3=0x82;
   8          sbit Data4=0x83;
   9          sbit Data5=0x84;
  10          sbit Data6=0x85;
  11          sbit Data7=0x86;
  12          sbit Data8=0x87;
  13          #include "fuck.h"  //字型A資料檔
  14          main() 
  15          { 
  16   1        char temp;
  17   1        unsigned char scan=0x80;//定義掃瞄變數
  18   1        unsigned char i;       //定義陣列資料計數
  19   1        unsigned char repeat;  //定義重覆掃描次數 
  20   1        unsigned char shift;   //定義移位計數  
  21   1       while(1)
  22   1       {
  23   2         for(shift=7;shift>0;shift--) //移位計數=7~0
  24   2          {
  25   3          for(repeat=0;repeat<10;repeat++)//重覆掃瞄次數
  26   3           {
  27   4            for(i=0;i<8;i++)   //讀取8筆資料掃瞄8次
  28   4             {
  29   5              Data=fuck[i]; //讀取陣列資料輸出
  30   5      
  31   5      temp=Data8;
  32   5      Data8=Data1;
  33   5      Data1=temp;
  34   5      temp=Data7;
  35   5      Data7=Data2;
  36   5      Data2=temp;
  37   5      temp=Data6;
  38   5      Data6=Data3;
  39   5      Data3=temp;
  40   5      temp=Data5;
  41   5      Data5=Data4;
  42   5      Data4=temp;
  43   5      
  44   5               Delay_ms(1);    //延時
  45   5           Data=0xff;      //全暗
  46   5               scan=RR8(scan); //換掃瞄下一行
  47   5           Scan=~(scan<<shift); //掃瞄右移後輸出
  48   5             }
  49   4           } 
  50   3          }
  51   2        //----------------------------------------------   
  52   2         for(shift=0;shift<7;shift++)  //移位計數=0~7
  53   2          {
  54   3           for(repeat=0;repeat<10;repeat++)//重覆掃瞄次數
C51 COMPILER V9.57.0.0   LEFTLEFT                                                          05/12/2020 16:19:18 PAGE 2   

  55   3           {                       
  56   4            for(i=0;i<8;i++)   //讀取8筆資料掃瞄8次
  57   4             {
  58   5               Data=fuck[i];   //讀取陣列資料輸出
  59   5               temp=Data8;
  60   5      Data8=Data1;
  61   5      Data1=temp;
  62   5      temp=Data7;
  63   5      Data7=Data2;
  64   5      Data2=temp;
  65   5      temp=Data6;
  66   5      Data6=Data3;
  67   5      Data3=temp;
  68   5      temp=Data5;
  69   5      Data5=Data4;
  70   5      Data4=temp;
  71   5               Delay_ms(1);    //延時
  72   5           Data=0xff;      //全暗
  73   5               scan=RR8(scan); //換掃瞄下一行
  74   5           Scan=~(scan>>shift);//掃瞄左移後輸出
  75   5             }
  76   4           }    
  77   3          }             
  78   2        } 
  79   1      }


MODULE INFORMATION:   STATIC OVERLAYABLE
   CODE SIZE        =    207    ----
   CONSTANT SIZE    =      8    ----
   XDATA SIZE       =   ----    ----
   PDATA SIZE       =   ----    ----
   DATA SIZE        =   ----       3
   IDATA SIZE       =   ----    ----
   BIT SIZE         =   ----    ----
END OF MODULE INFORMATION.


C51 COMPILATION COMPLETE.  0 WARNING(S),  0 ERROR(S)
