C51 COMPILER V9.57.0.0   SHIT4                                                             05/19/2020 14:58:50 PAGE 1   


C51 COMPILER V9.57.0.0, COMPILATION OF MODULE SHIT4
OBJECT MODULE PLACED IN .\Objects\shit4.obj
COMPILER INVOKED BY: C:\Keil_v5\C51\BIN\C51.EXE shit4.c OPTIMIZE(8,SPEED) BROWSE DEBUG OBJECTEXTEND PRINT(.\Listings\shi
                    -t4.lst) TABS(2) OBJECT(.\Objects\shit4.obj)

line level    source

   1          #include "AT89X52.h"
   2          sfr data1=0x80;
   3          sfr scan=0x90;
   4          #include "font4.h"
   5          main(){
   6   1      unsigned char i;
   7   1      unsigned char repeat;
   8   1      unsigned char start;
   9   1      scan=0x7f;
  10   1        while(1){
  11   2          for(start=0;start<24;start++){
  12   3            for(repeat=0;repeat<10;repeat++){
  13   4              for(i=0;i<8;i++){
  14   5                data1=font4[start+i];
  15   5                Delay_ms(1);
  16   5                data1=0xff;
  17   5                scan=RR8(scan);
  18   5              
  19   5              }
  20   4            }   
  21   3          }
  22   2          for(start=24;start>0;start++){
  23   3            for(repeat=0;repeat<10;repeat++){
  24   4              for(i=0;i<8;i++){
  25   5                data1=font4[start+i];
  26   5                Delay_ms(1);
  27   5                data1=0xff;
  28   5                scan=RR8(scan);
  29   5              
  30   5              }
  31   4            }   
  32   3          }
  33   2          
  34   2          
  35   2      
  36   2        
  37   2        
  38   2        }
  39   1      }


MODULE INFORMATION:   STATIC OVERLAYABLE
   CODE SIZE        =    116    ----
   CONSTANT SIZE    =     32    ----
   XDATA SIZE       =   ----    ----
   PDATA SIZE       =   ----    ----
   DATA SIZE        =   ----    ----
   IDATA SIZE       =   ----    ----
   BIT SIZE         =   ----    ----
END OF MODULE INFORMATION.


C51 COMPILATION COMPLETE.  0 WARNING(S),  0 ERROR(S)
