C51 COMPILER V9.57.0.0   TIMER6                                                            06/09/2020 15:47:02 PAGE 1   


C51 COMPILER V9.57.0.0, COMPILATION OF MODULE TIMER6
OBJECT MODULE PLACED IN .\Objects\timer6.obj
COMPILER INVOKED BY: C:\Keil_v5\C51\BIN\C51.EXE timer6.c OPTIMIZE(8,SPEED) BROWSE DEBUG OBJECTEXTEND PRINT(.\Listings\ti
                    -mer6.lst) TABS(2) OBJECT(.\Objects\timer6.obj)

line level    source

   1          #include "..\AT89X52.H"
   2          sfr LED=0x80;
   3          void Delay(unsigned char count);
   4          main(){
   5   1        TMOD=0x10;
   6   1        TR1=1;
   7   1        LED=0;
   8   1        while(1){
   9   2          LED++;
  10   2          Delay(20);
  11   2        }
  12   1      }
  13          //0.05s
  14          void Delay(unsigned char count){
  15   1        while(count --) {
  16   2          TL1=(65536-46080) % 256;
  17   2        TH1=(65536-46080) /256;
  18   2        while(TF1==0);
  19   2        TF1=0;
  20   2        
  21   2        }
  22   1      
  23   1      }


MODULE INFORMATION:   STATIC OVERLAYABLE
   CODE SIZE        =     59    ----
   CONSTANT SIZE    =   ----    ----
   XDATA SIZE       =   ----    ----
   PDATA SIZE       =   ----    ----
   DATA SIZE        =   ----    ----
   IDATA SIZE       =   ----    ----
   BIT SIZE         =   ----    ----
END OF MODULE INFORMATION.


C51 COMPILATION COMPLETE.  0 WARNING(S),  0 ERROR(S)
