C51 COMPILER V9.57.0.0   UPDOWN                                                            05/19/2020 15:11:53 PAGE 1   


C51 COMPILER V9.57.0.0, COMPILATION OF MODULE UPDOWN
OBJECT MODULE PLACED IN .\Objects\updown.obj
COMPILER INVOKED BY: C:\Keil_v5\C51\BIN\C51.EXE updown.c OPTIMIZE(8,SPEED) BROWSE DEBUG OBJECTEXTEND PRINT(.\Listings\up
                    -down.lst) TABS(2) OBJECT(.\Objects\updown.obj)

line level    source

   1          /***** DOT7.c ****點矩陣顯示器布簾下拉字型**************
   2          *動作：顯示布簾下移位字型
   3          *接線：Scan低電位掃描輸出，由Data低電位輸出資料
   4          **********************************************************/
   5          #include "AT89X52.H"   //暫存器及組態定義
   6          sfr  Data=0x80; //P0資料BUS輸出
   7          sfr  Scan=0x90; //P1點矩陣LED掃描輸出
   8          #include "font.h"  //字型A資料檔
   9          main() 
  10          { 
  11   1        unsigned char i;      //定義陣列資料計數
  12   1        unsigned char repeat; //定義重覆掃描次數     
  13   1        unsigned char mask;   //定義遮蔽資料 
  14   1      
  15   1        Scan=0x7F;   //由com1開始掃瞄   
  16   1        while(1)
  17   1        {
  18   2          mask=0xFF;   //全部遮蔽
  19   2          for(repeat=0;repeat<20;repeat++) //重覆掃瞄次數
  20   2           {
  21   3             for(i=0;i<8;i++)  //讀取8筆資料掃瞄8次
  22   3             {
  23   4              Data=font[i] | mask;//讀取陣列資料，並遮蔽輸出
  24   4              Delay_ms(30);   //延時
  25   4              Data=0xff;     //全暗
  26   4            Scan=RR8(Scan);//換掃瞄下一行
  27   4             }
  28   3           mask=mask << 1;//減少要遮蔽部份
  29   3          }
  30   2            mask=0x7F; 
  31   2            for(repeat=0;repeat<20;repeat++) //重覆掃瞄次數
  32   2           {
  33   3             for(i=0;i<8;i++)  //讀取8筆資料掃瞄8次
  34   3             {
  35   4              Data=font[i] | mask;//讀取陣列資料，並遮蔽輸出
  36   4              Delay_ms(30);   //延時
  37   4              Data=0xff;     //全暗
  38   4              Scan=RR8(Scan);//換掃瞄下一行
  39   4               }
  40   3             mask=mask >> 1;//減少要遮蔽部份
  41   3          }
  42   2        } 
  43   1      }


MODULE INFORMATION:   STATIC OVERLAYABLE
   CODE SIZE        =    116    ----
   CONSTANT SIZE    =      8    ----
   XDATA SIZE       =   ----    ----
   PDATA SIZE       =   ----    ----
   DATA SIZE        =   ----    ----
   IDATA SIZE       =   ----    ----
   BIT SIZE         =   ----    ----
END OF MODULE INFORMATION.

C51 COMPILER V9.57.0.0   UPDOWN                                                            05/19/2020 15:11:53 PAGE 2   


C51 COMPILATION COMPLETE.  0 WARNING(S),  0 ERROR(S)
