C51 COMPILER V9.57.0.0   ZIZANLIU                                                          05/05/2020 14:39:35 PAGE 1   


C51 COMPILER V9.57.0.0, COMPILATION OF MODULE ZIZANLIU
OBJECT MODULE PLACED IN .\Objects\zizAnliu.obj
COMPILER INVOKED BY: C:\Keil_v5\C51\BIN\C51.EXE zizAnliu.c OPTIMIZE(8,SPEED) BROWSE DEBUG OBJECTEXTEND PRINT(.\Listings\
                    -zizAnliu.lst) TABS(2) OBJECT(.\Objects\zizAnliu.obj)

line level    source

   1          #include "AT89X52.H"
   2          unsigned char code Table[]={
   3          0x3f,0x06,0x5b,0x4f,0x66,0x6d,0x7d,0x07,0x7f,0x6f,0x77,0x7c,0x39,
   4          0x5e,0x79,0x71
   5          };
   6          void beep(unsigned char i);
   7          sbit speak=0xA6;
   8          sbit   KEY=P3^2; 
   9          sfr datta=0x80;
  10          sbit ssled0=0x90;sbit ssled1=0x91; sbit ssled2=0x92; sbit ssled3=0x93;
  11          void main(){
  12   1        unsigned int num =51;
  13   1        unsigned char i;
  14   1        unsigned int scan;
  15   1      
  16   1        while(1){
  17   2      
  18   2          for( scan =0 ;scan<10;scan++){
  19   3            if(KEY==0){
  20   4              beep(2);
  21   4            }
  22   3            ssled0=ssled1=ssled2=ssled3=1;
  23   3            i=num%10;
  24   3            datta=~Table[i];
  25   3            ssled0=0;
  26   3            Delay_ms(1000);
  27   3            
  28   3            ssled0=ssled1=ssled2=ssled3=1;
  29   3            i=(num%100)/10;
  30   3            datta=~Table[i];
  31   3            ssled1=0;
  32   3            Delay_ms(1000);
  33   3            
  34   3            ssled0=ssled1=ssled2=ssled3=1;
  35   3            i=(num%1000)/100;
  36   3            datta=~Table[i];
  37   3            ssled2=0;
  38   3            Delay_ms(1000);
  39   3            
  40   3            ssled0=ssled1=ssled2=ssled3=1;
  41   3            i=num/1000;
  42   3            datta=~Table[i];
  43   3            ssled3=0;
  44   3            Delay_ms(1000);
  45   3          
  46   3          }
  47   2          num++;
  48   2          if(num>9999) num=0;
  49   2        
  50   2        }
  51   1      
  52   1      
  53   1      }
  54          
C51 COMPILER V9.57.0.0   ZIZANLIU                                                          05/05/2020 14:39:35 PAGE 2   

  55          void beep(unsigned char k)
  56          {
  57   1        unsigned int j;
  58   1        while(k--)
  59   1        {
  60   2          for(j=0;j<100;j++)
  61   2          {
  62   3            speak=!speak;
  63   3            Delay_ms(1);
  64   3          }
  65   2          Delay_ms(200);
  66   2        }
  67   1      }


MODULE INFORMATION:   STATIC OVERLAYABLE
   CODE SIZE        =    285    ----
   CONSTANT SIZE    =     16    ----
   XDATA SIZE       =   ----    ----
   PDATA SIZE       =   ----    ----
   DATA SIZE        =   ----       4
   IDATA SIZE       =   ----    ----
   BIT SIZE         =   ----    ----
END OF MODULE INFORMATION.


C51 COMPILATION COMPLETE.  0 WARNING(S),  0 ERROR(S)
